2025-02-16 1.5.0版本发布
  - 增加MySQL支持, 详见配置文件
  - 增加Folia支持
  - 语言文件更新，版本号升级为5.
  - 配置文件更新，版本号升级为5.
  - 控制台警告改为循环10次
  - 其他细节修正和优化.
2024-09-25 1.4.1版本发布
  - 重写检查更新,现在会在控制台输出当前版本到最新版本的更新内容并且OP每日第一次进游戏时会收到更新提醒.
  - 权限 servermonitor.use 更改为 servermonitor.admin
2024-03-27 1.4.0版本发布
  - 重构日志部分代码.
  - 现在自动设置玩家白名单不会再导致配置文件中的注释丢失了.
  - 增加了关键词警报功能，详见配置文件，旧版本在更新版本后会自动升级配置文件.
  - 修复了隐藏密码功能中的命令识别错误
  - 优化检查更新中新版本判断逻辑.
  - 其他细节修正和优化.
  - 由于MCBBS关闭,删除插件中指向MCBBS的链接.
2023-07-12 1.3.2版本发布
  - 根据举报对命令中的密码进行隐藏处理.
  - 删除部分无用代码减小插件体积.
  - 其他细节修正和优化.
2022-03-13 1.3.1版本发布
  - 修复语言文件升级到版本4时错误赋值玩家命令日志格式的问题.
2022-03-07 1.3.0版本发布
  - 重构部分代码.
  - 优化检查更新.
  - 重写配置文件和语言文件加载.
  - 语言文件更新，版本号升级为4.
  - 修复在远古版本中可能导致配置文件损坏的问题.
  - 其他细节修正和优化.
2021-11-27 1.2.1版本发布
  - 修复了未启用命令警报时在控制台op/deop会出现报错的问题.
2021-11-20 1.2.0版本发布
  - 接入bStats.org匿名统计信息
  - 优化op修改判断逻辑、修复自动设置白名单功能可能出现的错误.
  - 调整部分事件优先级、部分已取消事件不再记录日志.
  - 兼容1.7.2以及之前的版本.
  - 配置文件、语言文件、日志文件统一使用UTF8编码读写，不再使用系统默认编码.
  - 自动压缩旧日志选项现在默认关闭.
  - 禁用即时保存时，现在每半小时额外保存一次.
  - 修改所有日志文件的创建时机，现在当真正需要写出日志时才创建.
  - 其他细节优化.
2020-09-26 1.1.4版本发布
  - 命令补全支持大写.
  - 其他细节优化.
2020-07-09 1.1.3版本发布
  - 增加了在控制台op或deop时自动设置玩家白名单的功能.
2020-04-16 1.1.2版本发布
  - 修复了日期更新后玩家日志没有正确关闭导致的错误.
  - 修复了压缩异常、删除错误消息中{file}无效的错误.
  - 自动检查更新选项改为默认开启.
2020-04-15 1.1.1版本发布
  - 修复了写警告日志会出现空指针异常的问题.
2020-04-15 1.1.0版本发布
  - 日志文件改为每天一个(opChange.log和Warning.log除外).
  - 增加了自动压缩旧日志的选项.
  - 增加了自动删除多少天前的日志的选项.
  - 增加了检查更新选项(默认关闭).
  - 优化命令的TAB补全.
  - 优化代码，修正细节错误.
  - 添加zh_tw语言文件(用户提供).
2020-04-09 1.0.3版本发布
  - 增加了是否记录命令方块执行命令的选项.
  - 修复了NPC触发事件导致的报错.
2020-03-31 1.0.1版本发布
  - 处理了可能出现的异常.
2020-03-24 1.0.0版本发布